2025-06-01 21:49:52.736 [INFO] default - [Main] Starting server initialization...
2025-06-01 21:49:52.737 [INFO] default - [Main] Configuration loaded:
2025-06-01 21:49:52.737 [INFO] default - [Main]   Server Port: 8080
2025-06-01 21:49:52.737 [INFO] default - [Main]   Database URL: Loaded
2025-06-01 21:49:52.737 [INFO] default - [Main]   JWT Secret: Loaded
2025-06-01 21:49:52.737 [INFO] default - [Main] Connecting to database...
2025-06-01 21:49:52.755 [INFO] default - [Main] Database connection attempt finished.
2025-06-01 21:50:52.072 [INFO] default - [Main] Starting server initialization...
2025-06-01 21:50:52.074 [INFO] default - [Main] Configuration loaded:
2025-06-01 21:50:52.074 [INFO] default - [Main]   Server Port: 8080
2025-06-01 21:50:52.074 [INFO] default - [Main]   Database URL: Loaded
2025-06-01 21:50:52.074 [INFO] default - [Main]   JWT Secret: Loaded
2025-06-01 21:50:52.074 [INFO] default - [Main] Connecting to database...
2025-06-01 21:50:52.093 [INFO] default - [Main] Database connection attempt finished.
2025-06-01 21:50:52.093 [INFO] default - [Main] Verified: Global db and mongo instances are available.
2025-06-01 21:50:52.093 [INFO] default - [Main]   mongo.ObjectId is available
2025-06-01 21:50:52.093 [INFO] default - [Main] Initializing RabbitMQ queues...
2025-06-01 21:50:52.093 [INFO] default - [Main] RabbitMQ queues initialized.
2025-06-01 21:50:52.093 [INFO] default - [Main] Setting up Hono middleware...
2025-06-01 21:50:52.093 [INFO] default - [Main] JWT middleware configured for /api/secure/*
2025-06-01 21:50:52.093 [INFO] default - [Main] Registering API routes...
2025-06-01 21:50:52.094 [INFO] default - [Main] Setting up RabbitMQ consumers...
2025-06-01 21:50:52.094 [INFO] default - [Main] RabbitMQ consumers set up.
2025-06-01 21:50:52.094 [INFO] default - [Main] Server listening on http://localhost:8080
2025-06-01 21:51:01.291 [INFO] default - [Main] Starting server initialization...
2025-06-01 21:51:01.292 [INFO] default - [Main] Configuration loaded:
2025-06-01 21:51:01.292 [INFO] default - [Main]   Server Port: 8080
2025-06-01 21:51:01.292 [INFO] default - [Main]   Database URL: Loaded
2025-06-01 21:51:01.292 [INFO] default - [Main]   JWT Secret: Loaded
2025-06-01 21:51:01.292 [INFO] default - [Main] Connecting to database...
2025-06-01 21:51:01.314 [INFO] default - [Main] Database connection attempt finished.
2025-06-01 21:51:28.780 [INFO] default - [Main] Starting server initialization...
2025-06-01 21:51:28.781 [INFO] default - [Main] Configuration loaded:
2025-06-01 21:51:28.781 [INFO] default - [Main]   Server Port: 8080
2025-06-01 21:51:28.781 [INFO] default - [Main]   Database URL: Loaded
2025-06-01 21:51:28.781 [INFO] default - [Main]   JWT Secret: Loaded
2025-06-01 21:51:28.781 [INFO] default - [Main] Connecting to database...
2025-06-01 21:51:28.800 [INFO] default - [Main] Database connection attempt finished.
2025-06-01 21:52:36.735 [INFO] default - [Main] Starting server initialization...
2025-06-01 21:52:36.737 [INFO] default - [Main] Configuration loaded:
2025-06-01 21:52:36.737 [INFO] default - [Main]   Server Port: 8080
2025-06-01 21:52:36.737 [INFO] default - [Main]   Database URL: Loaded
2025-06-01 21:52:36.737 [INFO] default - [Main]   JWT Secret: Loaded
2025-06-01 21:52:36.737 [INFO] default - [Main] Connecting to database...
2025-06-01 21:52:36.760 [INFO] default - [Main] Database connection attempt finished.
2025-06-01 21:52:36.760 [INFO] default - [Main] Verified: Global db and mongo instances are available.
2025-06-01 21:52:36.760 [INFO] default - [Main]   mongo.ObjectId is available
2025-06-01 21:52:36.760 [INFO] default - [Main] Initializing RabbitMQ queues...
2025-06-01 21:52:36.760 [INFO] default - [Main] RabbitMQ queues initialized.
2025-06-01 21:52:36.760 [INFO] default - [Main] Setting up Hono middleware...
2025-06-01 21:52:36.760 [INFO] default - [Main] JWT middleware configured for /api/secure/*
2025-06-01 21:52:36.760 [INFO] default - [Main] Registering API routes...
2025-06-01 21:52:36.761 [INFO] default - [Main] Setting up RabbitMQ consumers...
2025-06-01 21:52:36.761 [INFO] default - [Main] RabbitMQ consumers set up.
2025-06-01 21:52:36.761 [INFO] default - [Main] Server listening on http://localhost:8080
2025-06-01 21:52:43.769 [INFO] default - [Main] Received SIGINT. Initiating graceful shutdown...
2025-06-01 21:54:35.264 [INFO] default - [Main] Starting server initialization...
2025-06-01 21:54:35.265 [INFO] default - [Main] Configuration loaded:
2025-06-01 21:54:35.266 [INFO] default - [Main]   Server Port: 8080
2025-06-01 21:54:35.266 [INFO] default - [Main]   Database URL: Loaded
2025-06-01 21:54:35.266 [INFO] default - [Main]   JWT Secret: Loaded
2025-06-01 21:54:35.266 [INFO] default - [Main] Connecting to database...
2025-06-01 21:54:35.286 [INFO] default - [Main] Database connection attempt finished.
2025-06-01 21:54:35.286 [INFO] default - [Main] Verified: Global db and mongo instances are available.
2025-06-01 21:54:35.286 [INFO] default - [Main]   mongo.ObjectId is available
2025-06-01 21:54:35.286 [INFO] default - [Main] Initializing RabbitMQ queues...
2025-06-01 21:54:35.286 [INFO] default - [Main] RabbitMQ queues initialized.
2025-06-01 21:54:35.286 [INFO] default - [Main] Setting up Hono middleware...
2025-06-01 21:54:35.286 [INFO] default - [Main] JWT middleware configured for /api/secure/*
2025-06-01 21:54:35.286 [INFO] default - [Main] Registering API routes...
2025-06-01 21:54:35.286 [INFO] default - [Main] Setting up RabbitMQ consumers...
2025-06-01 21:54:35.286 [INFO] default - [Main] RabbitMQ consumers set up.
2025-06-01 21:54:35.287 [INFO] default - [Main] Server listening on http://localhost:8080
2025-06-01 22:17:12.073 [INFO] default - [Main] Starting server initialization...
2025-06-01 22:17:12.074 [INFO] default - [Main] Configuration loaded:
2025-06-01 22:17:12.075 [INFO] default - [Main]   Server Port: 8080
2025-06-01 22:17:12.075 [INFO] default - [Main]   Database URL: Loaded
2025-06-01 22:17:12.075 [INFO] default - [Main]   JWT Secret: Loaded
2025-06-01 22:17:12.075 [INFO] default - [Main] Connecting to database...
2025-06-01 22:17:12.094 [INFO] default - [Main] Database connection attempt finished.
2025-06-01 22:17:12.094 [INFO] default - [Main] Verified: Global db and mongo instances are available.
2025-06-01 22:17:12.094 [INFO] default - [Main]   mongo.ObjectId is available
2025-06-01 22:17:12.094 [INFO] default - [Main] Initializing RabbitMQ queues...
2025-06-01 22:17:12.094 [INFO] default - [Main] RabbitMQ queues initialized.
2025-06-01 22:17:12.094 [INFO] default - [Main] Setting up Hono middleware...
2025-06-01 22:17:12.095 [INFO] default - [Main] JWT middleware configured for /api/secure/*
2025-06-01 22:17:12.095 [INFO] default - [Main] Registering API routes...
2025-06-01 22:17:12.095 [INFO] default - [Main] Setting up RabbitMQ consumers...
2025-06-01 22:17:12.095 [INFO] default - [Main] RabbitMQ consumers set up.
2025-06-01 22:17:12.095 [INFO] default - [Main] Server listening on http://localhost:8080
2025-06-01 22:18:43.381 [INFO] default - [Main] Received SIGINT. Initiating graceful shutdown...
2025-06-01 22:18:44.877 [INFO] default - [Main] Starting server initialization...
2025-06-01 22:18:44.878 [INFO] default - [Main] Configuration loaded:
2025-06-01 22:18:44.878 [INFO] default - [Main]   Server Port: 8080
2025-06-01 22:18:44.878 [INFO] default - [Main]   Database URL: Loaded
2025-06-01 22:18:44.878 [INFO] default - [Main]   JWT Secret: Loaded
2025-06-01 22:18:44.878 [INFO] default - [Main] Connecting to database...
2025-06-01 22:18:44.896 [INFO] default - [Main] Database connection attempt finished.
2025-06-01 22:18:44.896 [INFO] default - [Main] Verified: Global db and mongo instances are available.
2025-06-01 22:18:44.896 [INFO] default - [Main]   mongo.ObjectId is available
2025-06-01 22:18:44.896 [INFO] default - [Main] Initializing RabbitMQ queues...
2025-06-01 22:18:44.896 [INFO] default - [Main] RabbitMQ queues initialized.
2025-06-01 22:18:44.896 [INFO] default - [Main] Setting up Hono middleware...
2025-06-01 22:18:44.897 [INFO] default - [Main] JWT middleware configured for /api/secure/*
2025-06-01 22:18:44.897 [INFO] default - [Main] Registering API routes...
2025-06-01 22:18:44.897 [INFO] default - [Main] Setting up RabbitMQ consumers...
2025-06-01 22:18:44.897 [INFO] default - [Main] RabbitMQ consumers set up.
2025-06-01 22:18:44.897 [INFO] default - [Main] Server setup complete. Adding indefinite promise to keep process alive for debugging...
2025-06-01 22:18:44.898 [INFO] default - [Main] Server listening on http://localhost:8080
2025-06-01 22:19:39.142 [INFO] default - [Main] Received SIGINT. Initiating graceful shutdown...
2025-06-01 22:19:40.620 [INFO] default - [Main] Starting server initialization...
2025-06-01 22:19:40.621 [INFO] default - [Main] Configuration loaded:
2025-06-01 22:19:40.621 [INFO] default - [Main]   Server Port: 8080
2025-06-01 22:19:40.621 [INFO] default - [Main]   Database URL: Loaded
2025-06-01 22:19:40.621 [INFO] default - [Main]   JWT Secret: Loaded
2025-06-01 22:19:40.621 [INFO] default - [Main] Connecting to database...
2025-06-01 22:19:40.640 [INFO] default - [Main] Database connection attempt finished.
2025-06-01 22:19:40.640 [INFO] default - [Main] Verified: Global db and mongo instances are available.
2025-06-01 22:19:40.640 [INFO] default - [Main]   mongo.ObjectId is available
2025-06-01 22:19:40.640 [INFO] default - [Main] Initializing RabbitMQ queues...
2025-06-01 22:19:40.640 [INFO] default - [Main] RabbitMQ queues initialized.
2025-06-01 22:19:40.640 [INFO] default - [Main] Setting up Hono middleware...
2025-06-01 22:19:40.640 [INFO] default - [Main] JWT middleware configured for /api/secure/*
2025-06-01 22:19:40.640 [INFO] default - [Main] Registering API routes...
2025-06-01 22:19:40.641 [INFO] default - [Main] Setting up RabbitMQ consumers...
2025-06-01 22:19:40.641 [INFO] default - [Main] RabbitMQ consumers set up.
2025-06-01 22:19:40.641 [INFO] default - [Main] Server setup complete. Adding indefinite promise to keep process alive for debugging...
2025-06-01 22:19:40.641 [INFO] default - [Main] Server listening on http://localhost:8080
2025-06-01 22:20:23.585 [INFO] default - [Main] Received SIGINT. Initiating graceful shutdown...
2025-06-01 22:20:25.637 [INFO] default - [Main] Starting server initialization...
2025-06-01 22:20:25.638 [INFO] default - [Main] Configuration loaded:
2025-06-01 22:20:25.638 [INFO] default - [Main]   Server Port: 8080
2025-06-01 22:20:25.638 [INFO] default - [Main]   Database URL: Loaded
2025-06-01 22:20:25.638 [INFO] default - [Main]   JWT Secret: Loaded
2025-06-01 22:20:25.638 [INFO] default - [Main] Connecting to database...
2025-06-01 22:20:25.657 [INFO] default - [Main] Database connection attempt finished.
2025-06-01 22:20:25.657 [INFO] default - [Main] Verified: Global db and mongo instances are available.
2025-06-01 22:20:25.657 [INFO] default - [Main]   mongo.ObjectId is available
2025-06-01 22:20:25.657 [INFO] default - [Main] Initializing RabbitMQ queues...
2025-06-01 22:20:25.657 [INFO] default - [Main] RabbitMQ queues initialized.
2025-06-01 22:20:25.657 [INFO] default - [Main] Setting up Hono middleware...
2025-06-01 22:20:25.658 [INFO] default - [Main] JWT middleware configured for /api/secure/*
2025-06-01 22:20:25.658 [INFO] default - [Main] Registering API routes...
2025-06-01 22:20:25.658 [INFO] default - [Main] Setting up RabbitMQ consumers...
2025-06-01 22:20:25.658 [INFO] default - [Main] RabbitMQ consumers set up.
2025-06-01 22:20:25.658 [INFO] default - [Main] Server setup complete. Adding indefinite promise to keep process alive for debugging...
2025-06-01 22:20:25.658 [INFO] default - [Main] Server listening on http://localhost:8080
2025-06-01 22:20:57.945 [INFO] default - [RabbitMQ] Received order 683c61c93b03613fb0de27c8 for processing.
2025-06-01 22:20:58.777 [INFO] default - [RabbitMQ] Received order 683c61ca3b03613fb0de27ca for processing.
2025-06-01 22:20:58.950 [INFO] default - [RabbitMQ] Order 683c61c93b03613fb0de27c8 processed and confirmed.
2025-06-01 22:20:59.780 [INFO] default - [RabbitMQ] Order 683c61ca3b03613fb0de27ca processed and confirmed.
2025-06-01 22:21:16.812 [INFO] default - [Main] Received SIGINT. Initiating graceful shutdown...
2025-06-01 22:21:18.245 [INFO] default - [Main] Starting server initialization...
2025-06-01 22:21:18.246 [INFO] default - [Main] Configuration loaded:
2025-06-01 22:21:18.246 [INFO] default - [Main]   Server Port: 8080
2025-06-01 22:21:18.246 [INFO] default - [Main]   Database URL: Loaded
2025-06-01 22:21:18.246 [INFO] default - [Main]   JWT Secret: Loaded
2025-06-01 22:21:18.246 [INFO] default - [Main] Connecting to database...
2025-06-01 22:21:18.265 [INFO] default - [Main] Database connection attempt finished.
2025-06-01 22:21:18.265 [INFO] default - [Main] Verified: Global db and mongo instances are available.
2025-06-01 22:21:18.265 [INFO] default - [Main]   mongo.ObjectId is available
2025-06-01 22:21:18.265 [INFO] default - [Main] Initializing RabbitMQ queues...
2025-06-01 22:21:18.265 [INFO] default - [Main] RabbitMQ queues initialized.
2025-06-01 22:21:18.265 [INFO] default - [Main] Setting up Hono middleware...
2025-06-01 22:21:18.266 [INFO] default - [Main] JWT middleware configured for /api/secure/*
2025-06-01 22:21:18.266 [INFO] default - [Main] Registering API routes...
2025-06-01 22:21:18.266 [INFO] default - [Main] Setting up RabbitMQ consumers...
2025-06-01 22:21:18.266 [INFO] default - [Main] RabbitMQ consumers set up.
2025-06-01 22:21:18.266 [INFO] default - [Main] Server setup complete. Adding indefinite promise to keep process alive for debugging...
2025-06-01 22:21:18.267 [INFO] default - [Main] Server listening on http://localhost:8080
2025-06-01 22:22:00.525 [INFO] default - [Main] Received SIGINT. Initiating graceful shutdown...
2025-06-01 22:22:01.729 [INFO] default - [Main] Starting server initialization...
2025-06-01 22:22:01.730 [INFO] default - [Main] Configuration loaded:
2025-06-01 22:22:01.730 [INFO] default - [Main]   Server Port: 8080
2025-06-01 22:22:01.730 [INFO] default - [Main]   Database URL: Loaded
2025-06-01 22:22:01.731 [INFO] default - [Main]   JWT Secret: Loaded
2025-06-01 22:22:01.731 [INFO] default - [Main] Connecting to database...
2025-06-01 22:22:01.748 [INFO] default - [Main] Database connection attempt finished.
2025-06-01 22:22:01.748 [INFO] default - [Main] Verified: Global db and mongo instances are available.
2025-06-01 22:22:01.748 [INFO] default - [Main]   mongo.ObjectId is available
2025-06-01 22:22:01.748 [INFO] default - [Main] Setting up Hono middleware...
2025-06-01 22:22:01.748 [INFO] default - [Main] JWT middleware configured for /api/secure/*
2025-06-01 22:22:01.748 [INFO] default - [Main] Registering API routes...
2025-06-01 22:22:01.749 [INFO] default - [Main] Server setup complete. Adding indefinite promise to keep process alive for debugging...
2025-06-01 22:22:01.749 [INFO] default - [Main] Server listening on http://localhost:8080
2025-06-01 22:22:45.502 [INFO] default - [Main] Received SIGINT. Initiating graceful shutdown...
2025-06-01 22:22:46.711 [INFO] default - [Main] Starting server initialization...
2025-06-01 22:22:46.712 [INFO] default - [Main] Configuration loaded:
2025-06-01 22:22:46.712 [INFO] default - [Main]   Server Port: 8080
2025-06-01 22:22:46.712 [INFO] default - [Main]   Database URL: Loaded
2025-06-01 22:22:46.712 [INFO] default - [Main]   JWT Secret: Loaded
2025-06-01 22:22:46.712 [INFO] default - [Main] Setting up Hono middleware...
2025-06-01 22:22:46.712 [INFO] default - [Main] JWT middleware configured for /api/secure/*
2025-06-01 22:22:46.712 [INFO] default - [Main] Registering API routes...
2025-06-01 22:22:46.713 [INFO] default - [Main] Server setup complete. Adding indefinite promise to keep process alive for debugging...
2025-06-01 22:22:46.713 [INFO] default - [Main] Server listening on http://localhost:8080
2025-06-01 22:28:05.675 [INFO] default - [Main] Starting server initialization...
2025-06-01 22:28:05.676 [INFO] default - [Main] Configuration loaded:
2025-06-01 22:28:05.677 [INFO] default - [Main]   Server Port: 8080
2025-06-01 22:28:05.677 [INFO] default - [Main]   Database URL: Loaded
2025-06-01 22:28:05.677 [INFO] default - [Main]   JWT Secret: Loaded
2025-06-01 22:28:05.677 [INFO] default - [Main] Server setup complete. Adding indefinite promise to keep process alive for debugging...
2025-06-01 22:28:05.678 [INFO] default - [Main] Server listening on http://localhost:8080
2025-06-01 22:29:42.103 [INFO] default - [Main] Starting server initialization...
2025-06-01 22:29:42.104 [INFO] default - [Main] Configuration loaded:
2025-06-01 22:29:42.104 [INFO] default - [Main]   Server Port: 8080
2025-06-01 22:29:42.104 [INFO] default - [Main]   Database URL: Loaded
2025-06-01 22:29:42.104 [INFO] default - [Main]   JWT Secret: Loaded
2025-06-01 22:29:42.105 [INFO] default - [Main] Server setup complete. Adding indefinite promise to keep process alive for debugging...
2025-06-01 22:29:42.105 [INFO] default - [Main] Server listening on http://localhost:8080
2025-06-01 22:32:12.177 [INFO] default - [Main] Starting server initialization...
2025-06-01 22:32:12.179 [INFO] default - [Main] Configuration loaded:
2025-06-01 22:32:12.179 [INFO] default - [Main]   Server Port: 8080
2025-06-01 22:32:12.179 [INFO] default - [Main]   Database URL: Loaded
2025-06-01 22:32:12.179 [INFO] default - [Main]   JWT Secret: Loaded
2025-06-01 22:32:12.179 [INFO] default - [Main] Server setup complete. Adding indefinite promise to keep process alive for debugging...
2025-06-01 22:32:12.180 [INFO] default - [Main] Server listening on http://localhost:8080
2025-06-01 22:41:07.055 [INFO] default - [Main] Starting server initialization...
2025-06-01 22:41:07.056 [INFO] default - [Main] Configuration loaded:
2025-06-01 22:41:07.056 [INFO] default - [Main]   Server Port: 8080
2025-06-01 22:41:07.056 [INFO] default - [Main]   Database URL: Loaded
2025-06-01 22:41:07.057 [INFO] default - [Main]   JWT Secret: Loaded
2025-06-01 22:41:07.057 [INFO] default - [Main] Connecting to database...
2025-06-01 22:41:07.076 [INFO] default - [Main] Database connection attempt finished.
2025-06-01 22:41:07.076 [INFO] default - [Main] Verified: Global db and mongo instances are available.
2025-06-01 22:41:07.076 [INFO] default - [Main]   mongo.ObjectId is available
2025-06-01 22:41:07.076 [INFO] default - [Main] Initializing RabbitMQ queues...
2025-06-01 22:41:07.076 [INFO] default - [Main] RabbitMQ queues initialized.
2025-06-01 22:41:07.076 [INFO] default - [Main] Setting up Hono middleware...
2025-06-01 22:41:07.076 [INFO] default - [Main] JWT middleware configured for /api/secure/*
2025-06-01 22:41:07.077 [INFO] default - [Main] Registering API routes...
2025-06-01 22:41:07.077 [INFO] default - [Main] Setting up RabbitMQ consumers...
2025-06-01 22:41:07.077 [INFO] default - [Main] RabbitMQ consumers set up.
2025-06-01 22:41:07.077 [INFO] default - [Main] Server setup complete. Adding indefinite promise to keep process alive for debugging...
2025-06-01 22:41:07.077 [INFO] default - [Main] Server listening on http://localhost:8080
2025-06-01 22:41:36.828 [INFO] default - [RabbitMQ] Received order 683c66a0942670a262970e0c for processing.
2025-06-01 22:41:37.833 [INFO] default - [RabbitMQ] Order 683c66a0942670a262970e0c processed and confirmed.
2025-06-01 22:41:40.025 [INFO] default - [RabbitMQ] Received order 683c66a4942670a262970e0e for processing.
2025-06-01 22:41:41.029 [INFO] default - [RabbitMQ] Order 683c66a4942670a262970e0e processed and confirmed.
2025-06-01 22:41:41.060 [INFO] default - [RabbitMQ] Received order 683c66a5942670a262970e10 for processing.
2025-06-01 22:41:42.063 [INFO] default - [RabbitMQ] Order 683c66a5942670a262970e10 processed and confirmed.
2025-06-01 22:41:42.071 [INFO] default - [RabbitMQ] Received order 683c66a6942670a262970e12 for processing.
2025-06-01 22:41:43.075 [INFO] default - [RabbitMQ] Order 683c66a6942670a262970e12 processed and confirmed.
